[0326/232128.777:WARNING:backend_impl.cc(1816)] Destroying invalid entry.
[0326/232129.022:INFO:CONSOLE(157)] "Event handler of 'x-storagemutated-1' event must be added on the initial evaluation of worker script.", source: https://static.whatsapp.net/rsrc.php/v4/y1/r/ZHzXikHZE0-.js (157)
[0326/232129.139:INFO:CONSOLE(0)] "Error with Permissions-Policy header: Feature xr-spatial-tracking's parameters are ignored.", source:  (0)
[0326/232129.139:INFO:CONSOLE(0)] "Error with Permissions-Policy header: Origin trial controlled feature not enabled: 'attribution-reporting'.", source:  (0)
[0326/232129.139:INFO:CONSOLE(0)] "Error with Permissions-Policy header: Unrecognized feature: 'compute-pressure'.", source:  (0)
[0326/232129.139:INFO:CONSOLE(0)] "Error with Permissions-Policy header: Origin trial controlled feature not enabled: 'interest-cohort'.", source:  (0)
[0326/232129.139:INFO:CONSOLE(0)] "Error with Permissions-Policy header: Unrecognized feature: 'private-state-token-issuance'.", source:  (0)
[0326/232129.139:INFO:CONSOLE(0)] "Error with Permissions-Policy header: Origin trial controlled feature not enabled: 'shared-storage'.", source:  (0)
[0326/232129.139:INFO:CONSOLE(0)] "Error with Permissions-Policy header: Unrecognized feature: 'shared-storage-select-url'.", source:  (0)
[0326/232129.139:INFO:CONSOLE(0)] "Error with Permissions-Policy header: Unrecognized feature: 'private-state-token-redemption'.", source:  (0)
[0326/232129.139:INFO:CONSOLE(0)] "Error with Permissions-Policy header: Unrecognized feature: 'unload'.", source:  (0)
[0326/232129.139:INFO:CONSOLE(0)] "Error with Permissions-Policy header: Unrecognized feature: 'window-management'.", source:  (0)
[0326/232129.142:WARNING:backend_impl.cc(1816)] Destroying invalid entry.
[0326/232129.142:WARNING:backend_impl.cc(1816)] Destroying invalid entry.
[0326/232129.142:WARNING:backend_impl.cc(1816)] Destroying invalid entry.
[0326/232129.142:WARNING:backend_impl.cc(1816)] Destroying invalid entry.
[0326/232129.143:WARNING:backend_impl.cc(1816)] Destroying invalid entry.
[0326/232129.143:WARNING:backend_impl.cc(1816)] Destroying invalid entry.
[0326/232129.143:WARNING:backend_impl.cc(1816)] Destroying invalid entry.
[0326/232129.145:WARNING:backend_impl.cc(1816)] Destroying invalid entry.
[0326/232129.224:WARNING:backend_impl.cc(1816)] Destroying invalid entry.
[0326/232131.073:INFO:CONSOLE(157)] "Event handler of 'x-storagemutated-1' event must be added on the initial evaluation of worker script.", source: https://static.whatsapp.net/rsrc.php/v4/y1/r/ZHzXikHZE0-.js (157)
[0326/232414.005:INFO:CONSOLE(4)] "Uncaught (in promise) Error: window is not defined", source: https://web.whatsapp.com/ (4)
[0326/232415.370:INFO:CONSOLE(157)] "Event handler of 'x-storagemutated-1' event must be added on the initial evaluation of worker script.", source: https://static.whatsapp.net/rsrc.php/v4/y1/r/ZHzXikHZE0-.js (157)
